<?xml version="1.0" encoding="utf-8"?><testsuites name="pytest tests"><testsuite name="pytest" errors="0" failures="1" skipped="0" tests="18" time="2.508" timestamp="2026-09-09T09:41:31.446110+00:00" hostname="agent-env-779f1e65-7a35-416d-8693-35a18fc8dac8"><testcase classname="tests.test_pole1_refinements.TestAuth" name="test_login_pasteur" time="0.221" /><testcase classname="tests.test_pole1_refinements.TestExports" name="test_export_xlsx_ville" time="0.577" /><testcase classname="tests.test_pole1_refinements.TestAuth" name="test_login_ouvrier" time="0.102" /><testcase classname="tests.test_pole1_refinements.TestAuth" name="test_login_evang" time="0.098" /><testcase classname="tests.test_pole1_refinements.TestVilles" name="test_official_15_churches_seeded" time="0.066" /><testcase classname="tests.test_pole1_refinements.TestVilles" name="test_create_and_delete_ville_as_pasteur" time="0.263" /><testcase classname="tests.test_pole1_refinements.TestExports" name="test_export_pdf_ville" time="0.245" /><testcase classname="tests.test_pole1_refinements.TestVilles" name="test_delete_ville_forbidden_for_evang" time="0.200" /><testcase classname="tests.test_pole1_refinements.TestExports" name="test_export_xlsx_programme" time="0.251" /><testcase classname="tests.test_pole1_refinements.TestProgrammes" name="test_create_programme_without_code" time="0.147" /><testcase classname="tests.test_pole1_refinements.TestExports" name="test_export_pdf_programme" time="0.209" /><testcase classname="tests.test_pole1_refinements.TestProgrammes" name="test_delete_programme_forbidden_for_evang" time="0.242" /><testcase classname="tests.test_pole1_refinements.TestStats" name="test_contacts_stats_has_weekly" time="0.186" /><testcase classname="tests.test_pole1_refinements.TestAnciens" name="test_hard_delete_ancien_as_pasteur" time="0.230" /><testcase classname="tests.test_pole1_refinements.TestStats" name="test_global_stats_bilan_pasteur" time="0.086" /><testcase classname="tests.test_pole1_refinements.TestContactsAndReferent" name="test_create_contact_with_editable_referent" time="0.306"><failure message="AssertionError: referent not stored: {'id': 'cd3d95b8-4131-42d2-a520-aebd21b3a5ca', 'nom': 'TEST_REF', 'prenom': 'Alice', 'tel': None, 'categorie': 'CCMG', 'referent': 'Pasteur UDAMG', 'niveau': 1, 'notes': None, 'date_ajout': '09/09/2026', 'context_type': 'ville', 'context_id': '49084746-1328-4b71-8df9-f2071508521a', 'context_nom': 'CCMG Paris', 'enregistre_par': 'admin@udamg.app', 'created_at': '2026-09-09T09:41:33.487102Z'}&#10;assert 'Pasteur UDAMG' == 'Frère Marc'&#10;  &#10;  - Frère Marc&#10;  + Pasteur UDAMG">backend/tests/test_pole1_refinements.py:169: in test_create_contact_with_editable_referent
    assert c["referent"] == "Frère Marc", f"referent not stored: {c}"
E   AssertionError: referent not stored: {'id': 'cd3d95b8-4131-42d2-a520-aebd21b3a5ca', 'nom': 'TEST_REF', 'prenom': 'Alice', 'tel': None, 'categorie': 'CCMG', 'referent': 'Pasteur UDAMG', 'niveau': 1, 'notes': None, 'date_ajout': '09/09/2026', 'context_type': 'ville', 'context_id': '49084746-1328-4b71-8df9-f2071508521a', 'context_nom': 'CCMG Paris', 'enregistre_par': 'admin@udamg.app', 'created_at': '2026-09-09T09:41:33.487102Z'}
E   assert 'Pasteur UDAMG' == 'Frère Marc'
E     
E     - Frère Marc
E     + Pasteur UDAMG</failure></testcase><testcase classname="tests.test_pole1_refinements.TestAnciens" name="test_delete_ancien_forbidden_for_evang" time="0.064" /><testcase classname="tests.test_pole1_refinements.TestRelance" name="test_relance_updates_niveau_1_to_4" time="0.515" /></testsuite></testsuites>