<?xml version="1.0" encoding="utf-8"?><testsuites name="pytest tests"><testsuite name="pytest" errors="0" failures="0" skipped="0" tests="17" time="4.752" timestamp="2026-09-07T11:05:23.386670+00:00" hostname="agent-env-779f1e65-7a35-416d-8693-35a18fc8dac8"><testcase classname="tests.test_udamg_api" name="test_root" time="0.143" /><testcase classname="tests.test_udamg_api" name="test_login_bad" time="0.113" /><testcase classname="tests.test_udamg_api" name="test_roles_seeded" time="0.463" /><testcase classname="tests.test_udamg_api" name="test_villes_seeded" time="0.079" /><testcase classname="tests.test_udamg_api" name="test_programmes_seeded" time="0.077" /><testcase classname="tests.test_udamg_api" name="test_programme_access_wrong" time="0.158" /><testcase classname="tests.test_udamg_api" name="test_programme_access_ok" time="0.155" /><testcase classname="tests.test_udamg_api" name="test_create_contact_defaults" time="0.309" /><testcase classname="tests.test_udamg_api" name="test_list_contacts_rbac" time="0.619" /><testcase classname="tests.test_udamg_api" name="test_list_contacts_global" time="0.233" /><testcase classname="tests.test_udamg_api" name="test_patch_contact_uppercase" time="0.308" /><testcase classname="tests.test_udamg_api" name="test_relance" time="0.302" /><testcase classname="tests.test_udamg_api" name="test_archive_and_anciens" time="0.384" /><testcase classname="tests.test_udamg_api" name="test_transfer" time="0.542" /><testcase classname="tests.test_udamg_api" name="test_delete_rbac" time="0.301" /><testcase classname="tests.test_udamg_api" name="test_contact_stats" time="0.152" /><testcase classname="tests.test_udamg_api" name="test_global_stats" time="0.077" /></testsuite></testsuites>