<?xml version="1.0" encoding="utf-8"?><testsuites name="pytest tests"><testsuite name="pytest" errors="0" failures="0" skipped="0" tests="30" time="20.880" timestamp="2026-09-24T12:17:03.392112+00:00" hostname="agent-env-779f1e65-7a35-416d-8693-35a18fc8dac8"><testcase classname="tests.test_iter15_supabase_migration.TestAuth" name="test_login_all_roles" time="0.795" /><testcase classname="tests.test_iter15_supabase_migration.TestAuth" name="test_me_admin" time="0.136" /><testcase classname="tests.test_iter15_supabase_migration.TestAuth" name="test_me_membre" time="0.132" /><testcase classname="tests.test_iter15_supabase_migration.TestAuth" name="test_password_change_and_revert" time="1.046" /><testcase classname="tests.test_iter15_supabase_migration.TestAdminUsers" name="test_list_as_admin" time="0.271" /><testcase classname="tests.test_iter15_supabase_migration.TestAdminUsers" name="test_list_forbidden_as_pasteur" time="0.134" /><testcase classname="tests.test_iter15_supabase_migration.TestAdminUsers" name="test_list_forbidden_as_tech" time="0.135" /><testcase classname="tests.test_iter15_supabase_migration.TestAdminUsers" name="test_create_patch_delete_flow" time="1.261" /><testcase classname="tests.test_iter15_supabase_migration.TestAdminUsers" name="test_non_admin_create_403" time="0.133" /><testcase classname="tests.test_iter15_supabase_migration.TestMediaTaxonomy" name="test_categories_membre_no_restricted" time="0.134" /><testcase classname="tests.test_iter15_supabase_migration.TestMediaTaxonomy" name="test_categories_pasteur_has_restricted" time="0.139" /><testcase classname="tests.test_iter15_supabase_migration.TestMediaTaxonomy" name="test_categories_tech_can_write" time="0.134" /><testcase classname="tests.test_iter15_supabase_migration.TestMediaTaxonomy" name="test_admin_cannot_create_media" time="0.132" /><testcase classname="tests.test_iter15_supabase_migration.TestMediaTaxonomy" name="test_create_reunion_conseil_elargi" time="0.268" /><testcase classname="tests.test_iter15_supabase_migration.TestMediaTaxonomy" name="test_programmes_missing_subcategory_400" time="0.135" /><testcase classname="tests.test_iter15_supabase_migration.TestMediaUploadFlow" name="test_upload_url_confirm_stream_delete" time="3.724" /><testcase classname="tests.test_iter15_supabase_migration.TestFavPlaylists" name="test_favorite_and_progress" time="2.049" /><testcase classname="tests.test_iter15_supabase_migration.TestFavPlaylists" name="test_playlist_flow" time="1.470" /><testcase classname="tests.test_iter15_supabase_migration.TestMessaging" name="test_send_as_admin" time="0.412" /><testcase classname="tests.test_iter15_supabase_migration.TestMessaging" name="test_send_as_membre_403" time="0.138" /><testcase classname="tests.test_iter15_supabase_migration.TestMessaging" name="test_list_and_mark_read" time="1.874" /><testcase classname="tests.test_iter15_supabase_migration.TestMessaging" name="test_delete_message" time="0.400" /><testcase classname="tests.test_iter15_supabase_migration.TestEvents" name="test_create_event_as_pasteur" time="0.272" /><testcase classname="tests.test_iter15_supabase_migration.TestEvents" name="test_membre_create_forbidden" time="0.149" /><testcase classname="tests.test_iter15_supabase_migration.TestEvents" name="test_public_inscription" time="0.410" /><testcase classname="tests.test_iter15_supabase_migration.TestEvents" name="test_list_participants" time="0.266" /><testcase classname="tests.test_iter15_supabase_migration.TestEvents" name="test_session_and_pointages" time="1.640" /><testcase classname="tests.test_iter15_supabase_migration.TestEvents" name="test_enfants_and_dashboard" time="1.485" /><testcase classname="tests.test_iter15_supabase_migration.TestEvents" name="test_exports" time="1.087" /><testcase classname="tests.test_iter15_supabase_migration.TestEvents" name="test_delete_event_cascade" time="0.456" /></testsuite></testsuites>