<?xml version="1.0" encoding="utf-8"?><testsuites name="pytest tests"><testsuite name="pytest" errors="0" failures="0" skipped="0" tests="31" time="4.922" timestamp="2026-09-07T11:25:54.204436+00:00" hostname="agent-env-779f1e65-7a35-416d-8693-35a18fc8dac8"><testcase classname="tests.test_udamg_v3" name="test_auth_session_empty_body" time="0.181" /><testcase classname="tests.test_udamg_api" name="test_root" time="0.138" /><testcase classname="tests.test_udamg_api" name="test_login_bad" time="0.151" /><testcase classname="tests.test_udamg_v3" name="test_auth_session_empty_string" time="0.073" /><testcase classname="tests.test_udamg_v3" name="test_auth_session_bad_id" time="0.212" /><testcase classname="tests.test_udamg_v3" name="test_transferts_returns_list" time="0.201" /><testcase classname="tests.test_udamg_v3" name="test_transfer_creates_journal_entry" time="0.669" /><testcase classname="tests.test_udamg_api" name="test_roles_seeded" time="0.490" /><testcase classname="tests.test_udamg_api" name="test_villes_seeded" time="0.069" /><testcase classname="tests.test_udamg_api" name="test_programmes_seeded" time="0.113" /><testcase classname="tests.test_udamg_api" name="test_programme_access_wrong" time="0.140" /><testcase classname="tests.test_udamg_api" name="test_programme_access_ok" time="0.137" /><testcase classname="tests.test_udamg_api" name="test_create_contact_defaults" time="0.322" /><testcase classname="tests.test_udamg_v3" name="test_transferts_rbac_evangeliste" time="0.176" /><testcase classname="tests.test_udamg_v3" name="test_rappels_days_zero" time="0.069" /><testcase classname="tests.test_udamg_api" name="test_list_contacts_rbac" time="0.557" /><testcase classname="tests.test_udamg_v3" name="test_rappels_days_90_returns_zero" time="0.112" /><testcase classname="tests.test_udamg_v3" name="test_rappels_rbac_evangeliste_own_only" time="0.423" /><testcase classname="tests.test_udamg_v3" name="test_export_xlsx_auth_required" time="0.068" /><testcase classname="tests.test_udamg_api" name="test_list_contacts_global" time="0.216" /><testcase classname="tests.test_udamg_v3" name="test_export_xlsx_ville" time="0.149" /><testcase classname="tests.test_udamg_api" name="test_patch_contact_uppercase" time="0.282" /><testcase classname="tests.test_udamg_v3" name="test_export_pdf_auth_required" time="0.069" /><testcase classname="tests.test_udamg_v3" name="test_export_pdf_ville" time="0.144" /><testcase classname="tests.test_udamg_v3" name="test_export_pdf_lots_ebed" time="2.024" /><testcase classname="tests.test_udamg_api" name="test_relance" time="0.282" /><testcase classname="tests.test_udamg_api" name="test_archive_and_anciens" time="0.358" /><testcase classname="tests.test_udamg_api" name="test_transfer" time="0.538" /><testcase classname="tests.test_udamg_api" name="test_delete_rbac" time="0.324" /><testcase classname="tests.test_udamg_api" name="test_contact_stats" time="0.179" /><testcase classname="tests.test_udamg_api" name="test_global_stats" time="0.072" /></testsuite></testsuites>