<?xml version="1.0" encoding="utf-8"?><testsuites name="pytest tests"><testsuite name="pytest" errors="0" failures="0" skipped="0" tests="21" time="14.095" timestamp="2026-09-25T15:05:57.223557+00:00" hostname="agent-env-779f1e65-7a35-416d-8693-35a18fc8dac8"><testcase classname="tests.test_iter17_pensees_events.TestPensees" name="test_membre_can_list" time="2.074" /><testcase classname="tests.test_iter17_pensees_events.TestPensees" name="test_admin_can_create" time="1.101" /><testcase classname="tests.test_iter17_pensees_events.TestPensees" name="test_technique_can_create" time="0.429" /><testcase classname="tests.test_iter17_pensees_events.TestPensees" name="test_date_field_accepts_iso_string" time="0.416" /><testcase classname="tests.test_iter17_pensees_events.TestPensees" name="test_pasteur_forbidden" time="0.303" /><testcase classname="tests.test_iter17_pensees_events.TestPensees" name="test_membre_forbidden" time="0.262" /><testcase classname="tests.test_iter17_pensees_events.TestPensees" name="test_membre_cannot_delete" time="0.258" /><testcase classname="tests.test_iter17_pensees_events.TestPensees" name="test_technique_can_delete_cleanup" time="1.739" /><testcase classname="tests.test_iter17_pensees_events.TestEvents" name="test_technique_create_with_duree_horaires" time="0.432" /><testcase classname="tests.test_iter17_pensees_events.TestEvents" name="test_patch_horaires" time="1.008" /><testcase classname="tests.test_iter17_pensees_events.TestEvents" name="test_rappel_pasteur_forbidden" time="0.495" /><testcase classname="tests.test_iter17_pensees_events.TestEvents" name="test_rappel_admin_ok_creates_message" time="1.371" /><testcase classname="tests.test_iter17_pensees_events.TestEvents" name="test_cleanup_rappel_message" time="0.693" /><testcase classname="tests.test_iter17_pensees_events.TestEmargementGating" name="test_start_session_membre_forbidden" time="0.339" /><testcase classname="tests.test_iter17_pensees_events.TestEmargementGating" name="test_start_session_pasteur_ok" time="0.679" /><testcase classname="tests.test_iter17_pensees_events.TestEmargementGating" name="test_pointage_membre_forbidden" time="0.283" /><testcase classname="tests.test_iter17_pensees_events.TestEmargementGating" name="test_participants_add_membre_forbidden" time="0.254" /><testcase classname="tests.test_iter17_pensees_events.TestEmargementGating" name="test_public_inscription_no_auth_ok" time="0.599" /><testcase classname="tests.test_iter17_pensees_events.TestAdminUsersGating" name="test_technique_forbidden" time="0.296" /><testcase classname="tests.test_iter17_pensees_events.TestAdminUsersGating" name="test_admin_ok" time="0.425" /><testcase classname="tests.test_iter17_pensees_events.TestZCleanup" name="test_delete_event" time="0.547" /></testsuite></testsuites>