<?xml version="1.0" encoding="utf-8"?><testsuites name="pytest tests"><testsuite name="pytest" errors="0" failures="0" skipped="0" tests="10" time="4.199" timestamp="2026-09-07T12:37:41.832417+00:00" hostname="agent-env-779f1e65-7a35-416d-8693-35a18fc8dac8"><testcase classname="tests.test_iter6_delete_cascade.TestTestPrefixCleanup" name="test_no_test_prefixed_events_in_list" time="0.341" /><testcase classname="tests.test_iter6_delete_cascade.TestTestPrefixCleanup" name="test_four_seeded_events_present" time="0.125" /><testcase classname="tests.test_iter6_delete_cascade.TestCreateEventRBAC" name="test_pasteur_can_create" time="0.254" /><testcase classname="tests.test_iter6_delete_cascade.TestCreateEventRBAC" name="test_ouvrier_can_create" time="0.472" /><testcase classname="tests.test_iter6_delete_cascade.TestCreateEventRBAC" name="test_evang_cannot_create" time="0.360" /><testcase classname="tests.test_iter6_delete_cascade.TestDeleteEventRBAC" name="test_ouvrier_delete_forbidden" time="0.495" /><testcase classname="tests.test_iter6_delete_cascade.TestDeleteEventRBAC" name="test_evang_delete_forbidden" time="0.418" /><testcase classname="tests.test_iter6_delete_cascade.TestDeleteEventRBAC" name="test_pasteur_delete_success_204" time="0.393" /><testcase classname="tests.test_iter6_delete_cascade.TestDeleteEventRBAC" name="test_delete_missing_event_404" time="0.130" /><testcase classname="tests.test_iter6_delete_cascade.TestDeleteEventCascade" name="test_cascade_deletes_related_data" time="1.157" /></testsuite></testsuites>