<?xml version="1.0" encoding="utf-8"?><testsuites name="pytest tests"><testsuite name="pytest" errors="0" failures="0" skipped="0" tests="19" time="4.222" timestamp="2026-09-09T10:40:39.845273+00:00" hostname="agent-env-779f1e65-7a35-416d-8693-35a18fc8dac8"><testcase classname="tests.test_pole3_media.TestUploadFlow" name="test_upload_rbac_evangeliste_forbidden" time="0.739" /><testcase classname="tests.test_pole3_media.TestSeed" name="test_seed_returns_8_items" time="0.869" /><testcase classname="tests.test_pole3_media.TestUploadFlow" name="test_upload_as_pasteur_ok" time="0.613" /><testcase classname="tests.test_pole3_media.TestSeed" name="test_seed_categories_present" time="0.148" /><testcase classname="tests.test_pole3_media.TestSeed" name="test_seed_items_have_null_audio" time="0.125" /><testcase classname="tests.test_pole3_media.TestSeed" name="test_categories_endpoint" time="0.173" /><testcase classname="tests.test_pole3_media.TestFilter" name="test_filter_by_kind_podcast" time="0.132" /><testcase classname="tests.test_pole3_media.TestUploadFlow" name="test_stream_with_bearer" time="0.288" /><testcase classname="tests.test_pole3_media.TestFilter" name="test_filter_by_category" time="0.123" /><testcase classname="tests.test_pole3_media.TestFilter" name="test_filter_by_search_query" time="0.119" /><testcase classname="tests.test_pole3_media.TestUploadFlow" name="test_stream_with_query_token" time="0.380" /><testcase classname="tests.test_pole3_media.TestRegression" name="test_villes_still_has_15_ccmg" time="0.144" /><testcase classname="tests.test_pole3_media.TestRegression" name="test_evenements_list" time="0.220" /><testcase classname="tests.test_pole3_media.TestUploadFlow" name="test_cover_endpoint" time="0.329" /><testcase classname="tests.test_pole3_media.TestFavorites" name="test_favorite_flow" time="0.656" /><testcase classname="tests.test_pole3_media.TestUploadFlow" name="test_delete_rbac_evangeliste" time="0.172" /><testcase classname="tests.test_pole3_media.TestUploadFlow" name="test_delete_as_pasteur" time="0.292" /><testcase classname="tests.test_pole3_media.TestPlaylists" name="test_full_playlist_flow" time="0.805" /><testcase classname="tests.test_pole3_media.TestProgress" name="test_progress_and_continue" time="0.396" /></testsuite></testsuites>