<?xml version="1.0" encoding="utf-8"?><testsuites name="pytest tests"><testsuite name="pytest" errors="0" failures="0" skipped="0" tests="15" time="5.085" timestamp="2026-09-09T11:24:16.204630+00:00" hostname="agent-env-779f1e65-7a35-416d-8693-35a18fc8dac8"><testcase classname="tests.test_iter12_range_requests.TestAuthOnRange" name="test_range_without_token_returns_401" time="1.972" /><testcase classname="tests.test_iter12_range_requests.TestAuthOnRange" name="test_range_with_query_token_returns_206" time="0.471" /><testcase classname="tests.test_iter12_range_requests.TestRangeRequests" name="test_range_first_two_bytes" time="2.723" /><testcase classname="tests.test_iter12_range_requests.TestAuthOnRange" name="test_range_with_bearer_header_returns_206" time="0.560" /><testcase classname="tests.test_iter12_range_requests.TestRangeRequests" name="test_range_middle_slice" time="0.311" /><testcase classname="tests.test_iter12_range_requests.TestIter11Regression" name="test_create_json_pasteur_201" time="0.309" /><testcase classname="tests.test_iter12_range_requests.TestRangeRequests" name="test_range_out_of_bounds_416" time="0.305" /><testcase classname="tests.test_iter12_range_requests.TestIter11Regression" name="test_create_json_evangeliste_403" time="0.134" /><testcase classname="tests.test_iter12_range_requests.TestRangeRequests" name="test_range_open_ended" time="0.284" /><testcase classname="tests.test_iter12_range_requests.TestIter11Regression" name="test_upload_evangeliste_403" time="0.401" /><testcase classname="tests.test_iter12_range_requests.TestRangeRequests" name="test_range_1kb_e2e_slice" time="0.235" /><testcase classname="tests.test_iter12_range_requests.TestCrossPoleSmoke" name="test_villes_ccmg" time="0.192" /><testcase classname="tests.test_iter12_range_requests.TestFullStream" name="test_stream_without_range_returns_200" time="0.272" /><testcase classname="tests.test_iter12_range_requests.TestCrossPoleSmoke" name="test_evenements_list" time="0.295" /><testcase classname="tests.test_iter12_range_requests.TestCoverEndpoint" name="test_cover_returns_200_image" time="0.648" /></testsuite></testsuites>