<?xml version="1.0" encoding="utf-8"?><testsuites name="pytest tests"><testsuite name="pytest" errors="0" failures="0" skipped="0" tests="19" time="16.514" timestamp="2026-09-24T14:42:01.153351+00:00" hostname="agent-env-779f1e65-7a35-416d-8693-35a18fc8dac8"><testcase classname="tests.test_iter16_stories_stream.TestMediaStreamUrl" name="test_list_returns_stream_url_and_supabase_host" time="2.587" /><testcase classname="tests.test_iter16_stories_stream.TestMediaStreamUrl" name="test_stream_url_supports_range_requests" time="1.326" /><testcase classname="tests.test_iter16_stories_stream.TestMediaStreamUrl" name="test_m4a_or_mp4_has_moov_before_mdat" time="1.969" /><testcase classname="tests.test_iter16_stories_stream.TestMediaStreamUrl" name="test_get_media_by_id_has_stream_url" time="1.160" /><testcase classname="tests.test_iter16_stories_stream.TestMediaStreamUrl" name="test_favorites_still_work" time="0.284" /><testcase classname="tests.test_iter16_stories_stream.TestMediaStreamUrl" name="test_progress_continue_still_works" time="0.294" /><testcase classname="tests.test_iter16_stories_stream.TestMediaUploadRoundTrip" name="test_create_upload_confirm_stream_url_delete" time="1.869" /><testcase classname="tests.test_iter16_stories_stream.TestMediaUploadRoundTrip" name="test_zzz_cleanup_media" time="0.860" /><testcase classname="tests.test_iter16_stories_stream.TestStories" name="test_create_rbac_admin_forbidden" time="0.165" /><testcase classname="tests.test_iter16_stories_stream.TestStories" name="test_create_rbac_membre_forbidden" time="0.135" /><testcase classname="tests.test_iter16_stories_stream.TestStories" name="test_create_as_technique_201" time="0.286" /><testcase classname="tests.test_iter16_stories_stream.TestStories" name="test_story_without_media_hidden_from_list" time="0.305" /><testcase classname="tests.test_iter16_stories_stream.TestStories" name="test_upload_url_put_confirm" time="1.380" /><testcase classname="tests.test_iter16_stories_stream.TestStories" name="test_membre_sees_story_viewed_false" time="0.567" /><testcase classname="tests.test_iter16_stories_stream.TestStories" name="test_membre_view_and_reflect" time="0.986" /><testcase classname="tests.test_iter16_stories_stream.TestStories" name="test_viewers_rbac" time="0.724" /><testcase classname="tests.test_iter16_stories_stream.TestStories" name="test_patch_caption" time="0.430" /><testcase classname="tests.test_iter16_stories_stream.TestStories" name="test_delete_rbac" time="0.148" /><testcase classname="tests.test_iter16_stories_stream.TestStories" name="test_delete_as_technique" time="0.955" /></testsuite></testsuites>