<?xml version="1.0" encoding="utf-8"?><testsuites name="pytest tests"><testsuite name="pytest" errors="0" failures="0" skipped="0" tests="23" time="4.697" timestamp="2026-09-14T23:26:23.760240+00:00" hostname="agent-env-779f1e65-7a35-416d-8693-35a18fc8dac8"><testcase classname="tests.test_iter14_users_admin.TestAdminCRUD" name="test_create_ouvrier_without_ville_400" time="1.305" /><testcase classname="tests.test_iter14_users_admin.TestVilleRestriction" name="test_ouvrier_other_ville_403" time="1.245" /><testcase classname="tests.test_iter14_users_admin.TestAdminCRUD" name="test_create_bad_ville_404" time="0.173" /><testcase classname="tests.test_iter14_users_admin.TestVilleRestriction" name="test_ouvrier_own_ville_ok" time="0.288" /><testcase classname="tests.test_iter14_users_admin.TestVilleRestriction" name="test_ouvrier_global_403" time="0.131" /><testcase classname="tests.test_iter14_users_admin.TestAdminCRUD" name="test_create_ouvrier_ok_and_login" time="0.595" /><testcase classname="tests.test_iter14_users_admin.TestVilleRestriction" name="test_create_contact_other_ville_403" time="0.167" /><testcase classname="tests.test_iter14_users_admin.TestAuth" name="test_register_disabled" time="0.130" /><testcase classname="tests.test_iter14_users_admin.TestAuth" name="test_login_all_roles" time="0.000" /><testcase classname="tests.test_iter14_users_admin.TestAuth" name="test_me_has_ville_fields" time="0.156" /><testcase classname="tests.test_iter14_users_admin.TestAdminCRUD" name="test_create_pasteur_ignores_ville" time="0.204" /><testcase classname="tests.test_iter14_users_admin.TestMembreRestriction" name="test_membre_forbidden_pole1" time="0.339" /><testcase classname="tests.test_iter14_users_admin.TestAdminCRUD" name="test_create_duplicate_409" time="0.146" /><testcase classname="tests.test_iter14_users_admin.TestAdminCRUD" name="test_create_without_password_unusable" time="0.360" /><testcase classname="tests.test_iter14_users_admin.TestMembreRestriction" name="test_membre_can_media" time="0.171" /><testcase classname="tests.test_iter14_users_admin.TestMembreRestriction" name="test_membre_cannot_create_contact" time="0.153" /><testcase classname="tests.test_iter14_users_admin.TestAdminCRUD" name="test_patch_role_and_ville" time="0.211" /><testcase classname="tests.test_iter14_users_admin.TestSeed" name="test_seed_has_4_roles" time="0.123" /><testcase classname="tests.test_iter14_users_admin.TestAdminRBAC" name="test_non_pasteur_forbidden" time="0.494" /><testcase classname="tests.test_iter14_users_admin.TestAdminCRUD" name="test_pasteur_self_protection" time="0.482" /><testcase classname="tests.test_iter14_users_admin.TestOwnContactsScope" name="test_ouvrier_sees_only_own" time="0.728" /><testcase classname="tests.test_iter14_users_admin.TestAdminCRUD" name="test_delete_users_cleanup" time="0.507" /><testcase classname="tests.test_iter14_users_admin.TestGoogleGate" name="test_session_invalid_id" time="0.242" /></testsuite></testsuites>