<?xml version="1.0" encoding="utf-8"?><testsuites name="pytest tests"><testsuite name="pytest" errors="0" failures="0" skipped="0" tests="8" time="2.795" timestamp="2026-09-09T11:41:58.816624+00:00" hostname="agent-env-779f1e65-7a35-416d-8693-35a18fc8dac8"><testcase classname="tests.test_iter13_video_upload.TestVideoStream" name="test_range_first_two_bytes_video_mp4" time="1.267" /><testcase classname="tests.test_iter13_video_upload.TestVideoUpload" name="test_create_json_kind_video_returns_201" time="1.195" /><testcase classname="tests.test_iter13_video_upload.TestVideoUpload" name="test_upload_mp4_writes_audio_mp4_and_keeps_kind_video" time="0.209" /><testcase classname="tests.test_iter13_video_upload.TestVideoStream" name="test_full_stream_video_returns_200" time="0.328" /><testcase classname="tests.test_iter13_video_upload.TestVideoStream" name="test_video_range_middle_slice" time="0.298" /><testcase classname="tests.test_iter13_video_upload.TestAudioRangeRegression" name="test_audio_range_first_two_bytes" time="0.759" /><testcase classname="tests.test_iter13_video_upload.TestRBAC" name="test_evangeliste_forbidden_video_create" time="0.267" /><testcase classname="tests.test_iter13_video_upload.TestIter11AudioRegression" name="test_audio_create_json_and_upload" time="0.318" /></testsuite></testsuites>