<?xml version="1.0" encoding="utf-8"?><testsuites name="pytest tests"><testsuite name="pytest" errors="0" failures="0" skipped="0" tests="20" time="4.943" timestamp="2026-09-07T12:00:02.458979+00:00" hostname="agent-env-779f1e65-7a35-416d-8693-35a18fc8dac8"><testcase classname="tests.test_event_portal.TestParticipants" name="test_create_participant_auto_badge_sequence" time="0.566" /><testcase classname="tests.test_event_portal.TestParticipants" name="test_create_invalid_profil" time="0.137" /><testcase classname="tests.test_event_portal.TestParticipants" name="test_public_inscription_no_auth" time="0.180" /><testcase classname="tests.test_event_portal.TestParticipants" name="test_public_inscription_bad_event" time="0.130" /><testcase classname="tests.test_event_portal.TestParticipants" name="test_get_by_badge_no_auth" time="0.143" /><testcase classname="tests.test_event_portal.TestParticipants" name="test_get_by_badge_not_found" time="0.140" /><testcase classname="tests.test_event_portal.TestParticipants" name="test_list_participants" time="0.247" /><testcase classname="tests.test_event_portal.TestSessions" name="test_start_session_deactivates_previous" time="0.395" /><testcase classname="tests.test_event_portal.TestSessions" name="test_evang_cannot_start_session" time="0.285" /><testcase classname="tests.test_event_portal.TestPointages" name="test_pointage_first_scan_then_duplicate" time="0.295" /><testcase classname="tests.test_event_portal.TestPointages" name="test_pointage_unknown_badge" time="0.144" /><testcase classname="tests.test_event_portal.TestPointageLocked" name="test_pointage_no_active_returns_423" time="0.269" /><testcase classname="tests.test_event_portal.TestPointageLocked" name="test_enfants_no_active_returns_423" time="0.274" /><testcase classname="tests.test_event_portal.TestEnfants" name="test_enfants_accumulate" time="0.388" /><testcase classname="tests.test_event_portal.TestDashboard" name="test_dashboard_shape" time="0.143" /><testcase classname="tests.test_event_portal.TestExports" name="test_csv_export" time="0.182" /><testcase classname="tests.test_event_portal.TestExports" name="test_bilan_pdf" time="0.155" /><testcase classname="tests.test_event_portal.TestPurge" name="test_purge_missing_confirmation" time="0.154" /><testcase classname="tests.test_event_portal.TestPurge" name="test_purge_ouvrier_forbidden" time="0.282" /><testcase classname="tests.test_event_portal.TestPurge" name="test_purge_only_inconnus" time="0.373" /></testsuite></testsuites>