<?xml version="1.0" encoding="utf-8"?><testsuites name="pytest tests"><testsuite name="pytest" errors="0" failures="0" skipped="0" tests="25" time="7.937" timestamp="2026-09-07T12:23:27.346845+00:00" hostname="agent-env-779f1e65-7a35-416d-8693-35a18fc8dac8"><testcase classname="tests.test_event_portal.TestParticipants" name="test_create_participant_auto_badge_sequence" time="0.743" /><testcase classname="tests.test_event_portal.TestParticipants" name="test_create_invalid_profil" time="0.156" /><testcase classname="tests.test_event_portal.TestParticipants" name="test_public_inscription_no_auth" time="0.239" /><testcase classname="tests.test_event_portal.TestParticipants" name="test_public_inscription_bad_event" time="0.166" /><testcase classname="tests.test_event_portal.TestParticipants" name="test_get_by_badge_no_auth" time="0.143" /><testcase classname="tests.test_event_portal.TestParticipants" name="test_get_by_badge_not_found" time="0.118" /><testcase classname="tests.test_event_portal.TestParticipants" name="test_list_participants" time="0.277" /><testcase classname="tests.test_event_portal.TestSessions" name="test_start_session_deactivates_previous" time="0.407" /><testcase classname="tests.test_event_portal.TestSessions" name="test_evang_cannot_start_session" time="0.368" /><testcase classname="tests.test_event_portal.TestPointages" name="test_pointage_first_scan_then_duplicate" time="0.260" /><testcase classname="tests.test_event_portal.TestPointages" name="test_pointage_unknown_badge" time="0.144" /><testcase classname="tests.test_event_portal.TestPointageLocked" name="test_pointage_no_active_returns_423" time="0.319" /><testcase classname="tests.test_event_portal.TestPointageLocked" name="test_enfants_no_active_returns_423" time="0.246" /><testcase classname="tests.test_event_portal.TestEnfants" name="test_enfants_accumulate" time="0.424" /><testcase classname="tests.test_event_portal.TestDashboard" name="test_dashboard_shape" time="0.127" /><testcase classname="tests.test_event_portal.TestExports" name="test_csv_export" time="0.122" /><testcase classname="tests.test_event_portal.TestExports" name="test_bilan_pdf" time="0.152" /><testcase classname="tests.test_event_portal.TestCategorieAge" name="test_create_participant_with_categorie_age" time="0.418" /><testcase classname="tests.test_event_portal.TestCategorieAge" name="test_patch_participant_categorie_age" time="0.414" /><testcase classname="tests.test_event_portal.TestCategorieAge" name="test_public_inscription_with_categorie_age" time="0.130" /><testcase classname="tests.test_event_portal.TestPresenceDashboard" name="test_dashboard_shape_no_active_session" time="0.400" /><testcase classname="tests.test_event_portal.TestPresenceDashboard" name="test_presence_reflects_active_session_only" time="1.221" /><testcase classname="tests.test_event_portal.TestPurge" name="test_purge_missing_confirmation" time="0.129" /><testcase classname="tests.test_event_portal.TestPurge" name="test_purge_ouvrier_forbidden" time="0.293" /><testcase classname="tests.test_event_portal.TestPurge" name="test_purge_only_inconnus" time="0.414" /></testsuite></testsuites>