<?xml version="1.0" encoding="utf-8"?><testsuites name="pytest tests"><testsuite name="pytest" errors="0" failures="0" skipped="0" tests="8" time="2.182" timestamp="2026-09-09T09:48:36.205058+00:00" hostname="agent-env-779f1e65-7a35-416d-8693-35a18fc8dac8"><testcase classname="tests.test_iter10_regression.TestVillesCRUD" name="test_pasteur_creates_ville" time="0.689" /><testcase classname="tests.test_iter10_regression.TestReferent" name="test_post_contact_with_custom_referent" time="0.769" /><testcase classname="tests.test_iter10_regression.TestReferent" name="test_patch_contact_referent_persists" time="0.305" /><testcase classname="tests.test_iter10_regression.TestVillesCRUD" name="test_evangeliste_cannot_create_ville" time="0.339" /><testcase classname="tests.test_iter10_regression.TestVillesCRUD" name="test_evangeliste_cannot_delete_ville" time="0.187" /><testcase classname="tests.test_iter10_regression.TestReferent" name="test_post_contact_without_referent_defaults_to_user_name" time="0.122" /><testcase classname="tests.test_iter10_regression.TestReferent" name="test_post_contact_empty_string_referent_defaults" time="0.678" /><testcase classname="tests.test_iter10_regression.TestVillesCRUD" name="test_pasteur_deletes_ville" time="0.309" /></testsuite></testsuites>