<?xml version="1.0" encoding="utf-8"?><testsuites name="pytest tests"><testsuite name="pytest" errors="0" failures="0" skipped="0" tests="14" time="5.242" timestamp="2026-09-07T11:25:41.796430+00:00" hostname="agent-env-779f1e65-7a35-416d-8693-35a18fc8dac8"><testcase classname="tests.test_udamg_v3" name="test_auth_session_empty_body" time="0.302" /><testcase classname="tests.test_udamg_v3" name="test_auth_session_empty_string" time="0.078" /><testcase classname="tests.test_udamg_v3" name="test_auth_session_bad_id" time="0.192" /><testcase classname="tests.test_udamg_v3" name="test_transferts_returns_list" time="0.199" /><testcase classname="tests.test_udamg_v3" name="test_transfer_creates_journal_entry" time="0.701" /><testcase classname="tests.test_udamg_v3" name="test_transferts_rbac_evangeliste" time="0.196" /><testcase classname="tests.test_udamg_v3" name="test_rappels_days_zero" time="0.077" /><testcase classname="tests.test_udamg_v3" name="test_rappels_days_90_returns_zero" time="0.075" /><testcase classname="tests.test_udamg_v3" name="test_rappels_rbac_evangeliste_own_only" time="0.489" /><testcase classname="tests.test_udamg_v3" name="test_export_xlsx_auth_required" time="0.075" /><testcase classname="tests.test_udamg_v3" name="test_export_xlsx_ville" time="0.195" /><testcase classname="tests.test_udamg_v3" name="test_export_pdf_auth_required" time="0.077" /><testcase classname="tests.test_udamg_v3" name="test_export_pdf_ville" time="0.178" /><testcase classname="tests.test_udamg_v3" name="test_export_pdf_lots_ebed" time="2.039" /></testsuite></testsuites>